[0mGET /users [32m200 [0m3.147 ms - 4[0m
[0mGET /users/gel [32m200 [0m0.799 ms - 5[0m
[0mGET /users/gel [32m200 [0m2.758 ms - 5[0m
[0mGET /users/gel [32m200 [0m2.730 ms - 5[0m
[0mGET /users/gel [32m200 [0m2.648 ms - 5[0m
GET /users/gel 200 5 - 2.648 ms
[0mGET /users/gel [33m404 [0m3.292 ms - 148[0m
[0mGET /users/gel [32m200 [0m2.513 ms - 5[0m
[0mGET /users [32m200 [0m0.752 ms - 4[0m
[0mGET /users [0m- [0m- ms - -[0m
[0mGET /users [0m- [0m- ms - -[0m
[0mGET /users [0m- [0m- ms - -[0m
[0mGET /users [32m200 [0m53.838 ms - 146143[0m
[0mGET /users [32m200 [0m22.478 ms - 146143[0m
[0mGET /users [32m200 [0m32.126 ms - 146143[0m
[0mGET /users/gel [32m200 [0m2.542 ms - 5[0m
[0mGET /users/gel [32m200 [0m2.522 ms - 5[0m
[0mGET /users [32m200 [0m32.958 ms - 146143[0m
[0mGET /users [32m200 [0m45.416 ms - 146143[0m
[0mGET /users [32m200 [0m65.120 ms - 146143[0m
[0mGET /favicon.ico [33m404 [0m4.002 ms - 150[0m
[0mGET /users [33m400 [0m6.007 ms - 72[0m
[0mGET /users [33m401 [0m2.865 ms - 80[0m
[0mGET /users [33m404 [0m5.233 ms - 144[0m
[0mGET /users [33m404 [0m3.854 ms - 144[0m
[0mGET /users [33m404 [0m4.000 ms - 144[0m
[0mGET /users [33m400 [0m6.872 ms - 72[0m
[0mGET /users [33m400 [0m6.372 ms - 102[0m
[0mGET /users [33m400 [0m8.625 ms - 102[0m
[0mGET /users [33m400 [0m8.941 ms - 102[0m
[0mGET /users/gel [33m404 [0m5.012 ms - 148[0m
[0mGET /users/gel [0m- [0m- ms - -[0m
[0mGET /users/gel [36m302 [0m8.603 ms - 541[0m
[0mGET /users/gel [33m400 [0m8.631 ms - 102[0m
[0mGET /users/gel [33m400 [0m2.791 ms - 102[0m
[0mGET /users/gel [33m400 [0m8.893 ms - 102[0m
[0mGET /users/gel [33m400 [0m6.318 ms - 102[0m
[0mGET /users [33m400 [0m2.123 ms - 102[0m
[0mGET /users [33m400 [0m7.363 ms - 102[0m
[0mGET /users [33m400 [0m7.550 ms - 102[0m
[0mGET /users/gel [33m400 [0m2.517 ms - 102[0m
[0mGET /users [33m400 [0m7.549 ms - 102[0m
[0mGET /users [33m400 [0m7.678 ms - 102[0m
[0mGET /users [33m400 [0m7.587 ms - 102[0m
[0mGET /users [33m400 [0m8.400 ms - 102[0m
